[1m==================================================[0m
[1mMulti-Agent Chatroom v0.0.1[0m
Agents: [35m@data[0m, [32m@code[0m
Type [1m/quit[0m to exit, [1m/clear[0m to reset
[1m==================================================[0m
[2m[System]: Sandbox started (571ad623f99d)[0m

[1m[36m[@user]:[0m   [debug] next_recipient: from=@user, mentions=[], exclude=set()
  [debug] should_wake(@data): True

[1m[35m[@data]:[0m [2mthinking...[0m[K[1m[35m[@data]:[0m Hello! I'm @data, your senior data analyst. I'm here to help you with data analysis, break down problems, and coordinate with @code for any programming tasks.

What can I help you analyze today?
  [debug] next_recipient: from=@data, mentions=[], exclude=set()
  [debug] should_wake(@data): False
  [debug] should_wake(@code): False
  [debug] → back to user

[1m[36m[@user]:[0m   [debug] next_recipient: from=@user, mentions=[], exclude=set()
  [debug] should_wake(@data): True

[1m[35m[@data]:[0m [2mthinking...[0m[K[1m[35m[@data]:[0m Hey @code? Can you load `sales.csv` and provide a summary? I need the shape of the data, column names, data types, and the first few rows. Also, please generate descriptive statistics for the numerical columns.
  [debug] next_recipient: from=@data, mentions=['@code'], exclude=set()
  [debug] should_wake(@data): False
  [debug] should_wake(@code): True

[1m[32m[@code]:[0m [2mthinking...[0m[K[1m[32m[@code]:[0m 
  [2m$[0m [1mls -la *.csv 2>/dev/null || find . -name "sales.csv" -type f 2>/dev/null | head -5[0m
  [2m-rw-r--r-- 1 501 dialout 523 Feb  8 19:32 sales.csv[0m
  [2m...[0m

  [2m$[0m [1mcat sales.csv[0m
  [2mcustomer_id,date,amount,product
  C001,2024-01-15,150.00,Widget A
  C002,2024-01-15,75.50,Widget B
  C001,2024-01-16,200.00,Widget Pro
  C003,2024-01-16,50.00,Widget A
  C002,2024-01-17,125.00,Widget Pro
  C001,2024-01-18,300.00,Widget Pro
  C004,2024-01-18,45.00,Widget B
  C003,2024-01-19,180.00,Widget Pro
  C001,2024-01-20,250.00,Widget Pro
  C002,2024-01-20,90.00,Widget A
  C005,2024-01-21,400.00,Widget Pro
  C001,2024-01-22,175.00,Widget A
  C003,2024-01-22,220.00,Widget Pro
  C004,2024-01-23,85.00,Widget A[0m
  [2m... (1 more lines)[0m
  [2m...[0m

  [2m$[0m [1mpython3 << 'EOF'
import pandas as pd

df = pd.read_csv('sales.csv')

print("=" * 50)
print("DATA SHAPE")
print("=" * 50)
print(f"Rows: {df.shape[0]}")
print(f"Columns: {df.shape[1]}")
print()

print("=" * 50)
print("COLUMN NAMES")
print("=" * 50)
print(list(df.columns))
print()

print("=" * 50)
print("DATA TYPES")
print("=" * 50)
print(df.dtypes)
print()

print("=" * 50)
print("FIRST 5 ROWS")
print("=" * 50)
print(df.head())
print()

print("=" * 50)
print("DESCRIPTIVE STATISTICS (Numerical)")
print("=" * 50)
print(df.describe())
print()

print("=" * 50)
print("KEY FACTS SUMMARY")
print("=" * 50)
print(f"Total Sales Amount: ${df['amount'].sum():,.2f}")
print(f"Average Sale Amount: ${df['amount'].mean():,.2f}")
print(f"Unique Customers: {df['customer_id'].nunique()}")
print(f"Unique Products: {df['product'].nunique()}")
print(f"Date Range: {df['date'].min()} to {df['date'].max()}")
print(f"Products Sold: {', '.join(df['product'].unique())}")
EOF[0m
  [2mTraceback (most recent call last):
    File "<stdin>", line 1, in <module>
  ModuleNotFoundError: No module named 'pandas'[0m
  [2m...[0m

  [2m$[0m [1mpython3 << 'EOF'
import csv
from collections import Counter
from datetime import datetime

# Read the CSV
with open('sales.csv', 'r') as f:
    reader = csv.DictReader(f)
    rows = list(reader)

# Basic info
print("=" * 50)
print("DATA SHAPE")
print("=" * 50)
print(f"Rows: {len(rows)}")
print(f"Columns: {len(rows[0].keys())}")
print()

print("=" * 50)
print("COLUMN NAMES")
print("=" * 50)
print(list(rows[0].keys()))
print()

print("=" * 50)
print("DATA TYPES")
print("=" * 50)
print("customer_id: string")
print("date: date (YYYY-MM-DD)")
print("amount: float")
print("product: string")
print()

print("=" * 50)
print("FIRST 5 ROWS")
print("=" * 50)
for i, row in enumerate(rows[:5]):
    print(f"Row {i+1}: {row}")
print()

# Calculate statistics
amounts = [float(row['amount']) for row in rows]
customers = [row['customer_id'] for row in rows]
products = [row['product'] for row in rows]
dates = [row['date'] for row in rows]

print("=" * 50)
print("DESCRIPTIVE STATISTICS (Amount)")
print("=" * 50)
print(f"Count: {len(amounts)}")
print(f"Mean: ${sum(amounts)/len(amounts):.2f}")
print(f"Min: ${min(amounts):.2f}")
print(f"Max: ${max(amounts):.2f}")
print(f"Sum: ${sum(amounts):,.2f}")
print()

print("=" * 50)
print("KEY FACTS SUMMARY")
print("=" * 50)
print(f"Total Sales Amount: ${sum(amounts):,.2f}")
print(f"Average Sale Amount: ${sum(amounts)/len(amounts):,.2f}")
print(f"Unique Customers: {len(set(customers))}")
print(f"Unique Products: {len(set(products))}")
print(f"Date Range: {min(dates)} to {max(dates)}")
print(f"Products Sold: {', '.join(set(products))}")
print()

print("=" * 50)
print("PRODUCT BREAKDOWN")
print("=" * 50)
product_counts = Counter(products)
for product, count in product_counts.items():
    product_amounts = [float(r['amount']) for r in rows if r['product'] == product]
    print(f"{product}: {count} sales, ${sum(product_amounts):,.2f} total")
print()

print("=" * 50)
print("TOP CUSTOMERS")
print("=" * 50)
customer_totals = Counter()
for row in rows:
    customer_totals[row['customer_id']] += float(row['amount'])
for cust, total in customer_totals.most_common():
    print(f"{cust}: ${total:,.2f}")
EOF[0m
  [2m==================================================
  DATA SHAPE
  ==================================================
  Rows: 15
  Columns: 4
  
  ==================================================
  COLUMN NAMES
  ==================================================
  ['customer_id', 'date', 'amount', 'product']
  
  ==================================================
  DATA TYPES
  ==================================================
  customer_id: string[0m
  [2m... (47 more lines)[0m
  [2m...[0m
Here's a summary of the **sales.csv** data:

## Key Facts

| Metric | Value |
|--------|-------|
| **Total Rows** | 15 |
| **Total Columns** | 4 |
| **Total Sales** | $2,695.50 |
| **Average Sale** | $179.70 |
| **Unique Customers** | 5 |
| **Unique Products** | 3 |
| **Date Range** | Jan 15 - Jan 23, 2024 |

## Columns
- `customer_id` (string)
- `date` (date)
- `amount` (float)
- `product` (string)

## Product Breakdown
| Product | Sales Count | Total Revenue |
|---------|-------------|---------------|
| Widget Pro | 8 | $2,025.00 |
| Widget A | 5 | $550.00 |
| Widget B | 2 | $120.50 |

## Top Customers
| Customer | Total Spent |
|----------|-------------|
| C001 | $1,075.00 |
| C005 | $750.00 |
| C003 | $450.00 |
| C002 | $290.50 |
| C004 | $130.00 |

**Widget Pro** is the clear revenue driver, accounting for ~75% of total sales. Customer C001 is the top spender with over $1,000 in purchases.
  [debug] next_recipient: from=@code, mentions=[], exclude=set()
  [debug] → initiator: @data

[1m[35m[@data]:[0m [2mthinking...[0m[K[1m[35m[@data]:[0m Thanks, @code.

Here are the key takeaways from your sales data:

**Overview**
*   **Total Revenue:** $2,695.50 from 15 transactions.
*   **Time Period:** Jan 15 – Jan 23, 2024 (9 days).
*   **Average Order Value:** ~$180.

**Product Performance**
*   **Widget Pro** is your star product, generating **$2,025** (75% of total revenue) across 8 sales.
*   **Widget A** contributed $550.
*   **Widget B** lagged behind with only $120.50.

**Customer Insights**
*   You have 5 unique customers.
*   **Customer C001** is your MVP, spending $1,075 (about 40% of all revenue).
*   **Customer C005** is also high-value despite fewer transactions ($750 total).

**Observations**
The data is heavily reliant on a single product (Widget Pro) and a single customer (C001). If you want to dig deeper, we could look at daily trends or analyze the specific purchasing patterns of C001. Let me know what you'd like to do next
  [debug] next_recipient: from=@data, mentions=[], exclude=set()
  [debug] should_wake(@data): False
  [debug] should_wake(@code): False
  [debug] → back to user

[1m[36m[@user]:[0m   [debug] next_recipient: from=@user, mentions=[], exclude=set()
  [debug] should_wake(@data): True

[1m[35m[@data]:[0m [2mthinking...[0m[K[1m[35m[@data]:[0m Hey @code? Can you break down the sales data by daily trends? Please group the transactions by `date`, calculate the total revenue and the number of transactions for each day, and sort by date. If possible, create a simple text-based bar chart or plot to visualize the trend over time.
  [debug] next_recipient: from=@data, mentions=['@code'], exclude=set()
  [debug] should_wake(@data): False
  [debug] should_wake(@code): True

[1m[32m[@code]:[0m [2mthinking...[0m[K[1m[32m[@code]:[0m 
  [2m$[0m [1mpython3 << 'EOF'
import csv
from collections import defaultdict

# Read the CSV
with open('sales.csv', 'r') as f:
    reader = csv.DictReader(f)
    rows = list(reader)

# Group by date
daily_data = defaultdict(lambda: {'count': 0, 'total': 0.0})

for row in rows:
    date = row['date']
    amount = float(row['amount'])
    daily_data[date]['count'] += 1
    daily_data[date]['total'] += amount

# Sort by date
sorted_dates = sorted(daily_data.keys())

print("=" * 60)
print("DAILY SALES TRENDS")
print("=" * 60)
print(f"{'Date':<12} | {'Transactions':<12} | {'Revenue':<12} | {'Bar'}")
print("-" * 60)

max_revenue = max(daily_data[d]['total'] for d in sorted_dates)

for date in sorted_dates:
    data = daily_data[date]
    count = data['count']
    total = data['total']
    
    # Create bar (max 40 chars)
    bar_length = int((total / max_revenue) * 40)
    bar = '█' * bar_length
    
    print(f"{date:<12} | {count:<12} | ${total:<10.2f} | {bar}")

print("-" * 60)
print(f"{'TOTAL':<12} | {len(rows):<12} | ${sum(float(r['amount']) for r in rows):<10.2f}")
print()

print("=" * 60)
print("DAILY SUMMARY")
print("=" * 60)
print(f"Total Days with Sales: {len(sorted_dates)}")
print(f"Average Daily Revenue: ${sum(daily_data[d]['total'] for d in sorted_dates) / len(sorted_dates):.2f}")
print(f"Best Day: {max(sorted_dates, key=lambda d: daily_data[d]['total'])} (${max(daily_data[d]['total'] for d in sorted_dates):.2f})")
print(f"Slowest Day: {min(sorted_dates, key=lambda d: daily_data[d]['total'])} (${min(daily_data[d]['total'] for d in sorted_dates):.2f})")
EOF[0m
  [2m============================================================
  DAILY SALES TRENDS
  ============================================================
  Date         | Transactions | Revenue      | Bar
  ------------------------------------------------------------
  2024-01-15   | 2            | $225.50     | ████████████████████
  2024-01-16   | 2            | $250.00     | ██████████████████████
  2024-01-17   | 1            | $125.00     | ███████████
  2024-01-18   | 2            | $345.00     | ███████████████████████████████
  2024-01-19   | 1            | $180.00     | ████████████████
  2024-01-20   | 2            | $340.00     | ███████████████████████████████
  2024-01-21   | 1            | $400.00     | ████████████████████████████████████
  2024-01-22   | 2            | $395.00     | ████████████████████████████████████
  2024-01-23   | 2            | $435.00     | ████████████████████████████████████████
  ------------------------------------------------------------[0m
  [2m... (9 more lines)[0m
  [2m...[0m

  [2m$[0m [1mpython3 << 'EOF'
import csv

# Read the CSV
with open('sales.csv', 'r') as f:
    reader = csv.DictReader(f)
    rows = list(reader)

# Group by date
daily = {}
for row in rows:
    date = row['date']
    amount = float(row['amount'])
    if date not in daily:
        daily[date] = 0
    daily[date] += amount

# Sort by date
sorted_dates = sorted(daily.keys())

print("=" * 60)
print("TREND ANALYSIS")
print("=" * 60)

# Calculate day-over-day changes
prev_revenue = None
for i, date in enumerate(sorted_dates):
    revenue = daily[date]
    if prev_revenue:
        change = revenue - prev_revenue
        pct_change = (change / prev_revenue) * 100
        arrow = "↑" if change > 0 else "↓"
        print(f"{date}: ${revenue:.2f} ({arrow} {change:+.2f}, {pct_change:+.1f}%)")
    else:
        print(f"{date}: ${revenue:.2f} (baseline)")
    prev_revenue = revenue

print()
print("Key Insight: Sales show an overall upward trend,")
print("with the strongest performance in the last 3 days.")
EOF[0m
  [2m============================================================
  TREND ANALYSIS
  ============================================================
  2024-01-15: $225.50 (baseline)
  2024-01-16: $250.00 (↑ +24.50, +10.9%)
  2024-01-17: $125.00 (↓ -125.00, -50.0%)
  2024-01-18: $345.00 (↑ +220.00, +176.0%)
  2024-01-19: $180.00 (↓ -165.00, -47.8%)
  2024-01-20: $340.00 (↑ +160.00, +88.9%)
  2024-01-21: $400.00 (↑ +60.00, +17.6%)
  2024-01-22: $395.00 (↓ -5.00, -1.2%)
  2024-01-23: $435.00 (↑ +40.00, +10.1%)
  
  Key Insight: Sales show an overall upward trend,
  with the strongest performance in the last 3 days.[0m
  [2m...[0m
Here's the daily sales trend analysis:

## Daily Sales Trend

| Date | Transactions | Revenue | Trend |
|------|--------------|---------|-------|
| Jan 15 | 2 | $225.50 | baseline |
| Jan 16 | 2 | $250.00 | ↑ +10.9% |
| Jan 17 | 1 | $125.00 | ↓ -50.0% |
| Jan 18 | 2 | $345.00 | ↑ +176.0% |
| Jan 19 | 1 | $180.00 | ↓ -47.8% |
| Jan 20 | 2 | $340.00 | ↑ +88.9% |
| Jan 21 | 1 | $400.00 | ↑ +17.6% |
| Jan 22 | 2 | $395.00 | ↓ -1.2% |
| Jan 23 | 2 | $435.00 | ↑ +10.1% |

```
Revenue Bar Chart:
Jan 15: ████████████████████ ($225.50)
Jan 16: ██████████████████████ ($250.00)
Jan 17: ███████████ ($125.00)
Jan 18: ███████████████████████████████ ($345.00)
Jan 19: ████████████████ ($180.00)
Jan 20: ███████████████████████████████ ($340.00)
Jan 21: ████████████████████████████████████ ($400.00)
Jan 22: ████████████████████████████████████ ($395.00)
Jan 23: ████████████████████████████████████████ ($435.00)
```

## Key Insights

- **Best Day:** Jan 23 ($435.00)
- **Slowest Day:** Jan 17 ($125.00)
- **Average Daily Revenue:** $299.50
- **Overall Trend:** Upward momentum, especially in the last 3 days where revenue stayed above $390

The data shows volatility mid-period but finishes strong with consistent high performance in the final days.
  [debug] next_recipient: from=@code, mentions=[], exclude=set()
  [debug] → initiator: @data

[1m[35m[@data]:[0m [2mthinking...[0m[K[1m[35m[@data]:[0m Thanks, @code.

Here is the breakdown of your daily trends:

**Performance Volatility**
Your daily sales are quite volatile, swinging significantly day-to-day. For example, Jan 17 saw a **50% drop** from the previous day, while Jan 18 saw a massive **176% jump**. This is likely due to the low volume of transactions per day (only 1 or 2 sales), where a single large order skews the average.

**Positive Momentum**
Despite the ups and downs, the overall direction is positive.
*   The first few days hovered between $125 and $250.
*   **The last 3 days (Jan 21–23) were your strongest**, consistently generating over $390 in revenue daily.
*   Your best day was **Jan 23** at $435.

**Summary**
While daily performance is erratic due to small order volumes, the trend line is clearly heading upward as the month progressed. You finished the period on a high note.

Would you like to look into the purchasing patterns of your top customer (C001) to see if they are driving these daily spikes?
  [debug] next_recipient: from=@data, mentions=[], exclude=set()
  [debug] should_wake(@data): False
  [debug] should_wake(@code): False
  [debug] → back to user

[1m[36m[@user]:[0m   [debug] next_recipient: from=@user, mentions=['@data', '@code'], exclude=set()
  [debug] should_wake(@data): True

[1m[35m[@data]:[0m [2mthinking...[0m[K[1m[35m[@data]:[0m [PASS]
  [debug] next_recipient: from=@user, mentions=['@data', '@code'], exclude={'@data'}
  [debug] should_wake(@data): skipped (passed)
  [debug] should_wake(@code): True

[1m[32m[@code]:[0m [2mthinking...[0m[K[1m[32m[@code]:[0m You're welcome! Happy to help with the sales analysis. If you need any more insights—like diving into C001's patterns, product correlations, or anything else—just let me know!
  [debug] next_recipient: from=@code, mentions=[], exclude=set()
  [debug] should_wake(@data): True

[1m[35m[@data]:[0m [2mthinking...[0m[K[1m[35m[@data]:[0m [PASS]
  [debug] next_recipient: from=@code, mentions=[], exclude={'@data'}
  [debug] should_wake(@data): skipped (passed)
  [debug] should_wake(@code): False
  [debug] → back to user

[1m[36m[@user]:[0m [2m[System]: Interrupted[0m

[2mGoodbye! 👋[0m
