[1m==================================================[0m
[1mMulti-Agent Chatroom v0.0.1[0m
Agents: [35m@data[0m, [32m@code[0m
Type [1m/quit[0m to exit, [1m/clear[0m to reset
[1m==================================================[0m
[2m[System]: Dockerfile changed, rebuilding sandbox image...[0m
[2m[System]: Sandbox image ready[0m
[2m[System]: Sandbox started (146bca93614a)[0m

[1m[36m[@user]:[0m   [debug] next_recipient: from=@user, mentions=[], exclude=set()
  [debug] should_wake(@data): True

[1m[35m[@data]:[0m [2mthinking...[0m[K[1m[35m[@data]:[0m Hi @code? Can you check what files are available in the current directory that might contain sales data?
  [debug] next_recipient: from=@data, mentions=['@code'], exclude=set()
  [debug] should_wake(@data): False
  [debug] should_wake(@code): True

[1m[32m[@code]:[0m [2mthinking...[0m[K[1m[32m[@code]:[0m I'll check what files are available in the current directory.
  [2m$[0m [1mls -la[0m
  [2mtotal 12
  drwxr-xr-x 1 root root    4096 Feb  9 10:06 .
  drwxr-xr-x 1 root root    4096 Feb  9 10:06 ..
  -rw-r--r-- 1  501 dialout  523 Feb  8 19:32 sales.csv[0m
  [2m...[0m

  [2m$[0m [1mcat sales.csv[0m
  [2mcustomer_id,date,amount,product
  C001,2024-01-15,150.00,Widget A
  C002,2024-01-15,75.50,Widget B
  C001,2024-01-16,200.00,Widget Pro
  C003,2024-01-16,50.00,Widget A
  C002,2024-01-17,125.00,Widget Pro
  C001,2024-01-18,300.00,Widget Pro
  C004,2024-01-18,45.00,Widget B
  C003,2024-01-19,180.00,Widget Pro
  C001,2024-01-20,250.00,Widget Pro
  C002,2024-01-20,90.00,Widget A
  C005,2024-01-21,400.00,Widget Pro
  C001,2024-01-22,175.00,Widget A
  C003,2024-01-22,220.00,Widget Pro
  C004,2024-01-23,85.00,Widget A[0m
  [2m... (1 more lines)[0m
  [2m...[0m

  [2m$[0m [1mpython << 'EOF'
import pandas as pd
import numpy as np
from sklearn.linear_model import LinearRegression
from datetime import datetime, timedelta

# Load data
df = pd.read_csv('sales.csv')
df['date'] = pd.to_datetime(df['date'])

# Aggregate daily sales
daily_sales = df.groupby('date')['amount'].sum().reset_index()
daily_sales = daily_sales.sort_values('date')

print("Daily Sales:")
print(daily_sales)
print()

# Prepare for linear regression
daily_sales['days_since_start'] = (daily_sales['date'] - daily_sales['date'].min()).dt.days
X = daily_sales[['days_since_start']].values
y = daily_sales['amount'].values

# Fit linear regression
model = LinearRegression()
model.fit(X, y)

print(f"Linear Regression: y = {model.coef_[0]:.2f}x + {model.intercept_:.2f}")
print(f"RÂ² Score: {model.score(X, y):.4f}")
print()

# Project for next week (7 days)
last_date = daily_sales['date'].max()
future_dates = [last_date + timedelta(days=i) for i in range(1, 8)]
future_days = np.array([(d - daily_sales['date'].min()).days for d in future_dates]).reshape(-1, 1)
future_predictions = model.predict(future_days)

print("Next Week Projections:")
print("Date        | Predicted Sales")
print("-" * 35)
for date, pred in zip(future_dates, future_predictions):
    print(f"{date.strftime('%Y-%m-%d')} | ${pred:,.2f}")
EOF[0m
  [2mDaily Sales:
          date  amount
  0 2024-01-15   225.5
  1 2024-01-16   250.0
  2 2024-01-17   125.0
  3 2024-01-18   345.0
  4 2024-01-19   180.0
  5 2024-01-20   340.0
  6 2024-01-21   400.0
  7 2024-01-22   395.0
  8 2024-01-23   435.0
  
  Linear Regression: y = 30.30x + 178.30
  RÂ² Score: 0.5863
  [0m
  [2m... (10 more lines)[0m
  [2m...[0m
Done! Here's the analysis:

**Daily Sales Summary:**
- Data covers Jan 15-23, 2024
- Daily sales range from $125 to $435
- Overall upward trend visible

**Linear Regression Model:**
- Equation: `y = 30.30x + 178.30`
- RÂ² Score: 0.5863 (moderate fit)
- Sales increasing ~$30.30 per day on average

**Next Week Projections:**
| Date | Predicted Sales |
|------|-----------------|
| 2024-01-24 | $451.00 |
| 2024-01-25 | $481.30 |
| 2024-01-26 | $511.60 |
| 2024-01-27 | $541.90 |
| 2024-01-28 | $572.20 |
| 2024-01-29 | $602.50 |
| 2024-01-30 | $632.80 |

The model predicts continued growth, reaching ~$633 by Jan 30. Note the moderate RÂ² suggests some daily volatility not captured by the linear trend.
  [debug] next_recipient: from=@code, mentions=[], exclude=set()
  [debug] â†’ initiator: @data

[1m[35m[@data]:[0m [2mthinking...[0m[K[1m[35m[@data]:[0m The analysis is done, but I have some significant concerns about the reliability of these projections:

**ðŸš¨ Skepticism Alert:**
1. **Tiny Sample Size:** We only have 9 days of data (Jan 15-23). Fitting a linear trend and projecting 7 days forward on such a short timeframe is extremely risky.
2. **Moderate Fit:** An RÂ² of 0.59 means the model explains roughly 60% of the variance. The remaining 40% is noise/day-to-day volatility that we're ignoring.
3. **Aggressive Extrapolation:** The model assumes sales will grow by ~$30 *every single day*. Predicting a jump from a max of $435 to $632 (+45%) in just one week is optimistic without more context (e.g., is there a marketing campaign running?).

**Recommendation:**
Before trusting these numbers, we should verify:
- Is this recent data representative of normal business?
- Do we have historical data from previous months/years to establish a real baseline?
- Are there any known factors (promotions, seasonality) driving this specific 9-day spike?

@code? Can you check if there's more historical data available, or is `sales.csv` the complete dataset?
  [debug] next_recipient: from=@data, mentions=['@code'], exclude=set()
  [debug] should_wake(@data): False
  [debug] should_wake(@code): True

[1m[32m[@code]:[0m [2mthinking...[0m[K[2mreceiving... 120b[0m[K[1m[32m[@code]:[0m 
  [2m$[0m [1mfind . -type f -name "*.csv" -o -name "*.xlsx" -o -name "*.json" -o -name "*.parquet" 2>/dev/null[0m
  [2m./sales.csv[0m
  [2m...[0m

  [2m$[0m [1mls -la && find . -type f 2>/dev/null[0m
  [2mtotal 12
  drwxr-xr-x 1 root root    4096 Feb  9 10:06 .
  drwxr-xr-x 1 root root    4096 Feb  9 10:06 ..
  -rw-r--r-- 1  501 dialout  523 Feb  8 19:32 sales.csv
  ./sales.csv[0m
  [2m...[0m
Confirmed - `sales.csv` is the only data file available. It contains just 9 days of data (Jan 15-23, 2024).

Given the concerns, let me add confidence intervals to show the uncertainty in these projections:
  [2m$[0m [1mpython << 'EOF'
import pandas as pd
import numpy as np
from sklearn.linear_model import LinearRegression
from datetime import datetime, timedelta
from scipy import stats

# Load data
df = pd.read_csv('sales.csv')
df['date'] = pd.to_datetime(df['date'])

# Aggregate daily sales
daily_sales = df.groupby('date')['amount'].sum().reset_index()
daily_sales = daily_sales.sort_values('date')

# Prepare for linear regression
daily_sales['days_since_start'] = (daily_sales['date'] - daily_sales['date'].min()).dt.days
X = daily_sales[['days_since_start']].values
y = daily_sales['amount'].values

# Fit linear regression
model = LinearRegression()
model.fit(X, y)

# Calculate prediction intervals
y_pred = model.predict(X)
residuals = y - y_pred
mse = np.sum(residuals**2) / (len(y) - 2)
std_err = np.sqrt(mse)

# Project for next week with confidence intervals
last_date = daily_sales['date'].max()
future_dates = [last_date + timedelta(days=i) for i in range(1, 8)]
future_days = np.array([(d - daily_sales['date'].min()).days for d in future_dates]).reshape(-1, 1)
future_predictions = model.predict(future_days)

# 95% confidence interval (t-distribution with n-2 degrees of freedom)
t_val = stats.t.ppf(0.975, len(y) - 2)
margin = t_val * std_err * np.sqrt(1 + 1/len(y) + (future_days.flatten() - np.mean(X))**2 / np.sum((X - np.mean(X))**2))

print("Next Week Projections with 95% Confidence Intervals:")
print("Date        | Predicted | Lower CI  | Upper CI  | Range")
print("-" * 65)
for date, pred, lower, upper in zip(future_dates, future_predictions, 
                                     future_predictions - margin, 
                                     future_predictions + margin):
    range_width = upper - lower
    print(f"{date.strftime('%Y-%m-%d')} | ${pred:7.2f} | ${lower:7.2f} | ${upper:7.2f} | Â±${range_width/2:5.2f}")

print()
print("âš ï¸  Note: Wide confidence intervals reflect high uncertainty due to:")
print("   - Small sample size (9 days)")
print("   - Moderate model fit (RÂ² = 0.59)")
print("   - Daily volatility in sales data")
EOF[0m
  [2mNext Week Projections with 95% Confidence Intervals:
  Date        | Predicted | Lower CI  | Upper CI  | Range
  -----------------------------------------------------------------
  2024-01-24 | $ 451.00 | $ 233.22 | $ 668.78 | Â±$217.78
  2024-01-25 | $ 481.30 | $ 250.83 | $ 711.77 | Â±$230.47
  2024-01-26 | $ 511.60 | $ 266.97 | $ 756.23 | Â±$244.63
  2024-01-27 | $ 541.90 | $ 281.89 | $ 801.91 | Â±$260.01
  2024-01-28 | $ 572.20 | $ 295.80 | $ 848.60 | Â±$276.40
  2024-01-29 | $ 602.50 | $ 308.85 | $ 896.15 | Â±$293.65
  2024-01-30 | $ 632.80 | $ 321.20 | $ 944.40 | Â±$311.60
  
  âš ï¸  Note: Wide confidence intervals reflect high uncertainty due to:
     - Small sample size (9 days)
     - Moderate model fit (RÂ² = 0.59)
     - Daily volatility in sales data[0m
  [2m...[0m
**Confirmed:** `sales.csv` is the only data file available - just 9 days of sales data (Jan 15-23, 2024).

**Updated Analysis with Confidence Intervals:**

| Date | Predicted | Lower 95% CI | Upper 95% CI | Uncertainty |
|------|-----------|--------------|--------------|-------------|
| 2024-01-24 | $451.00 | $233.22 | $668.78 | Â±$218 |
| 2024-01-25 | $481.30 | $250.83 | $711.77 | Â±$230 |
| 2024-01-26 | $511.60 | $266.97 | $756.23 | Â±$245 |
| 2024-01-27 | $541.90 | $281.89 | $801.91 | Â±$260 |
| 2024-01-28 | $572.20 | $295.80 | $848.60 | Â±$276 |
| 2024-01-29 | $602.50 | $308.85 | $896.15 | Â±$294 |
| 2024-01-30 | $632.80 | $321.20 | $944.40 | Â±$312 |

**Key Takeaway:** The confidence intervals widen dramatically as we project further out. By Jan 30, the model says sales could reasonably be anywhere from **$321 to $944** - a nearly 3x range.

**Bottom Line:** Without more historical data, these projections should be treated as rough directional indicators only, not reliable forecasts. The uncertainty is simply too high.
  [debug] next_recipient: from=@code, mentions=[], exclude=set()
  [debug] â†’ initiator: @data

[1m[35m[@data]:[0m [2mthinking...[0m[K[1m[35m[@data]:[0m This is exactly the kind of context needed. The confidence intervals reveal the core problem: **we are trying to predict the future with almost no signal.**

**Final Verdict:**
While the point estimate suggests sales will reach ~$633 by Jan 30, the statistical reality is that we have almost no confidence in that specific number. The model effectively says, "Sales will likely be somewhere between $321 and $944."

**Actionable Advice:**
1. **Don't budget based on the point estimate ($451-$632).** The error margin is too wide.
2. **Track the next few days closely.** If the actuals fall within the confidence intervals, the linear trend might be real.
3. **Collect more data.** We need at least a full month (preferably a quarter) to distinguish a genuine growth trend from random noise.

Unless you have specific business context (e.g., "We just launched a major ad campaign on Jan 15"), I'd recommend treating this as "monitoring only" rather than a forecast for planning purposes.

[PASS]
  [debug] next_recipient: from=@code, mentions=[], exclude={'@data'}
  [debug] â†’ initiator: @data

[1m[35m[@data]:[0m [2mthinking...[0m[K[1m[35m[@data]:[0m This is a much more honest representation of the forecast. Those wide confidence intervals (Â±$300 by day 7) clearly illustrate why we shouldn't bet the business on these specific numbers.

**Summary for Stakeholders:**
- **Direction:** Sales are trending upward (~$30/day).
- **Forecast:** Expect growth next week, likely landing somewhere between the current peak ($435) and the upper bound of the confidence interval.
- **Risk:** High. The model has limited visibility (only 9 days).

Is there anything else you'd like to explore with this data, or would you like to discuss how to gather more historical data to improve future forecasts?
  [debug] next_recipient: from=@data, mentions=[], exclude=set()
  [debug] should_wake(@data): False
  [debug] should_wake(@code): False
  [debug] â†’ back to user

[1m[36m[@user]:[0m 